TN:
SF:src/entities/Order.js
FN:2,(anonymous_0)
FNF:1
FNH:1
FNDA:4,(anonymous_0)
DA:1,5
DA:10,4
DA:11,4
DA:12,4
DA:13,4
DA:14,4
DA:15,4
LF:7
LH:7
BRDA:4,0,0,0
BRDA:5,1,0,0
BRDA:6,2,0,0
BRDA:7,3,0,0
BRDA:8,4,0,0
BRF:5
BRH:0
end_of_record
TN:
SF:src/entities/Product.js
FN:2,(anonymous_0)
FNF:1
FNH:1
FNDA:5,(anonymous_0)
DA:1,5
DA:11,5
DA:12,5
DA:13,5
DA:14,5
DA:15,5
DA:16,5
DA:17,5
LF:8
LH:8
BRDA:4,0,0,0
BRDA:5,1,0,0
BRDA:6,2,0,0
BRDA:7,3,0,0
BRDA:8,4,0,0
BRDA:9,5,0,0
BRF:6
BRH:0
end_of_record
TN:
SF:src/entities/User.js
FN:2,(anonymous_0)
FNF:1
FNH:1
FNDA:5,(anonymous_0)
DA:1,5
DA:9,5
DA:10,5
DA:11,5
DA:12,5
DA:13,5
DA:17,5
DA:23,5
LF:8
LH:8
BRDA:4,0,0,0
BRDA:5,1,0,0
BRDA:6,2,0,0
BRDA:7,3,0,0
BRF:4
BRH:0
end_of_record
TN:
SF:src/entities/index.js
FNF:0
FNH:0
DA:1,5
DA:2,5
DA:3,5
DA:5,5
LF:4
LH:4
BRF:0
BRH:0
end_of_record
TN:
SF:src/frameworks/database/inMemory.js
FNF:0
FNH:0
DA:1,3
LF:1
LH:1
BRF:0
BRH:0
end_of_record
TN:
SF:src/frameworks/database/index.js
FNF:0
FNH:0
DA:1,3
DA:3,3
LF:2
LH:2
BRF:0
BRH:0
end_of_record
TN:
SF:src/frameworks/repositories/inMemory/index.js
FNF:0
FNH:0
DA:1,3
DA:2,3
DA:3,3
DA:5,3
LF:4
LH:4
BRF:0
BRH:0
end_of_record
TN:
SF:src/frameworks/repositories/inMemory/ordersRepository.js
FN:5,(anonymous_0)
FN:12,(anonymous_1)
FN:13,(anonymous_2)
FN:20,(anonymous_3)
FN:21,(anonymous_4)
FN:28,(anonymous_5)
FN:29,(anonymous_6)
FNF:7
FNH:7
FNDA:4,(anonymous_0)
FNDA:1,(anonymous_1)
FNDA:3,(anonymous_2)
FNDA:1,(anonymous_3)
FNDA:2,(anonymous_4)
FNDA:3,(anonymous_5)
FNDA:5,(anonymous_6)
DA:1,3
DA:2,3
DA:4,3
DA:6,4
DA:7,4
DA:9,4
DA:10,4
DA:13,3
DA:14,1
DA:15,1
DA:16,1
DA:18,0
DA:21,2
DA:22,1
DA:23,1
DA:24,1
DA:26,0
DA:29,5
LF:18
LH:16
BRDA:6,0,0,4
BRDA:6,0,1,0
BRDA:14,1,0,1
BRDA:14,1,1,0
BRDA:22,2,0,1
BRDA:22,2,1,0
BRF:6
BRH:3
end_of_record
TN:
SF:src/frameworks/repositories/inMemory/productsRepository.js
FN:5,(anonymous_0)
FN:12,(anonymous_1)
FN:14,(anonymous_2)
FN:22,(anonymous_3)
FN:24,(anonymous_4)
FN:32,(anonymous_5)
FN:33,(anonymous_6)
FNF:7
FNH:7
FNDA:4,(anonymous_0)
FNDA:1,(anonymous_1)
FNDA:3,(anonymous_2)
FNDA:1,(anonymous_3)
FNDA:2,(anonymous_4)
FNDA:3,(anonymous_5)
FNDA:5,(anonymous_6)
DA:1,3
DA:2,3
DA:4,3
DA:6,4
DA:7,4
DA:9,4
DA:10,4
DA:13,1
DA:14,3
DA:16,1
DA:17,1
DA:18,1
DA:20,0
DA:23,1
DA:24,2
DA:26,1
DA:27,1
DA:28,1
DA:30,0
DA:33,5
LF:20
LH:18
BRDA:6,0,0,4
BRDA:6,0,1,0
BRDA:16,1,0,1
BRDA:16,1,1,0
BRDA:26,2,0,1
BRDA:26,2,1,0
BRF:6
BRH:3
end_of_record
TN:
SF:src/frameworks/repositories/inMemory/usersRepository.js
FN:5,(anonymous_0)
FN:12,(anonymous_1)
FN:13,(anonymous_2)
FN:20,(anonymous_3)
FN:21,(anonymous_4)
FN:28,(anonymous_5)
FN:29,(anonymous_6)
FNF:7
FNH:7
FNDA:4,(anonymous_0)
FNDA:1,(anonymous_1)
FNDA:3,(anonymous_2)
FNDA:1,(anonymous_3)
FNDA:2,(anonymous_4)
FNDA:3,(anonymous_5)
FNDA:5,(anonymous_6)
DA:1,3
DA:2,3
DA:4,3
DA:6,4
DA:7,4
DA:9,4
DA:10,4
DA:13,3
DA:14,1
DA:15,1
DA:16,1
DA:18,0
DA:21,2
DA:22,1
DA:23,1
DA:24,1
DA:26,0
DA:29,5
LF:18
LH:16
BRDA:6,0,0,4
BRDA:6,0,1,0
BRDA:14,1,0,1
BRDA:14,1,1,0
BRDA:22,2,0,1
BRDA:22,2,1,0
BRF:6
BRH:3
end_of_record
TN:
SF:src/useCases/index.js
FNF:0
FNH:0
DA:1,2
DA:2,2
DA:4,2
LF:3
LH:3
BRF:0
BRH:0
end_of_record
TN:
SF:src/useCases/products/addProduct.useCase.js
FN:3,(anonymous_0)
FN:9,(anonymous_1)
FNF:2
FNH:2
FNDA:1,(anonymous_0)
FNDA:1,(anonymous_1)
DA:1,2
DA:3,2
DA:4,1
DA:5,1
DA:6,0
DA:9,1
DA:10,1
DA:19,1
DA:22,1
LF:9
LH:8
BRDA:5,0,0,0
BRDA:5,0,1,1
BRF:2
BRH:1
end_of_record
TN:
SF:src/useCases/products/deleteProduct.useCase.js
FN:1,(anonymous_0)
FN:7,(anonymous_1)
FNF:2
FNH:2
FNDA:1,(anonymous_0)
FNDA:1,(anonymous_1)
DA:1,2
DA:2,1
DA:3,1
DA:4,0
DA:7,1
DA:8,1
DA:11,1
LF:7
LH:6
BRDA:3,0,0,0
BRDA:3,0,1,1
BRDA:7,1,0,0
BRF:3
BRH:1
end_of_record
TN:
SF:src/useCases/products/getProductById.useCase.js
FN:1,(anonymous_0)
FN:7,(anonymous_1)
FNF:2
FNH:2
FNDA:1,(anonymous_0)
FNDA:1,(anonymous_1)
DA:1,2
DA:2,1
DA:3,1
DA:4,0
DA:7,1
DA:8,1
DA:11,1
LF:7
LH:6
BRDA:3,0,0,0
BRDA:3,0,1,1
BRF:2
BRH:1
end_of_record
TN:
SF:src/useCases/products/index.js
FNF:0
FNH:0
DA:1,2
DA:2,2
DA:3,2
DA:4,2
DA:6,2
LF:5
LH:5
BRF:0
BRH:0
end_of_record
TN:
SF:src/useCases/products/updateProduct.useCase.js
FN:1,(anonymous_0)
FN:7,(anonymous_1)
FNF:2
FNH:2
FNDA:1,(anonymous_0)
FNDA:1,(anonymous_1)
DA:1,2
DA:2,1
DA:3,1
DA:4,0
DA:7,1
DA:8,1
DA:11,1
LF:7
LH:6
BRDA:3,0,0,0
BRDA:3,0,1,1
BRDA:7,1,0,0
BRF:3
BRH:1
end_of_record
TN:
SF:src/useCases/users/addUser.useCase.js
FN:3,(anonymous_0)
FN:9,(anonymous_1)
FNF:2
FNH:2
FNDA:1,(anonymous_0)
FNDA:1,(anonymous_1)
DA:1,2
DA:3,2
DA:4,1
DA:5,1
DA:6,0
DA:9,1
DA:10,1
DA:12,1
DA:15,1
LF:9
LH:8
BRDA:5,0,0,0
BRDA:5,0,1,1
BRF:2
BRH:1
end_of_record
TN:
SF:src/useCases/users/deleteUser.useCase.js
FN:1,(anonymous_0)
FN:7,(anonymous_1)
FNF:2
FNH:2
FNDA:1,(anonymous_0)
FNDA:1,(anonymous_1)
DA:1,2
DA:2,1
DA:3,1
DA:4,0
DA:7,1
DA:8,1
DA:11,1
LF:7
LH:6
BRDA:3,0,0,0
BRDA:3,0,1,1
BRDA:7,1,0,0
BRF:3
BRH:1
end_of_record
TN:
SF:src/useCases/users/getUserById.useCase.js
FN:1,(anonymous_0)
FN:7,(anonymous_1)
FNF:2
FNH:2
FNDA:1,(anonymous_0)
FNDA:1,(anonymous_1)
DA:1,2
DA:2,1
DA:3,1
DA:4,0
DA:7,1
DA:8,1
DA:11,1
LF:7
LH:6
BRDA:3,0,0,0
BRDA:3,0,1,1
BRF:2
BRH:1
end_of_record
TN:
SF:src/useCases/users/index.js
FNF:0
FNH:0
DA:1,2
DA:2,2
DA:3,2
DA:4,2
DA:6,2
LF:5
LH:5
BRF:0
BRH:0
end_of_record
TN:
SF:src/useCases/users/updateUser.useCase.js
FN:1,(anonymous_0)
FN:7,(anonymous_1)
FNF:2
FNH:2
FNDA:1,(anonymous_0)
FNDA:1,(anonymous_1)
DA:1,2
DA:2,1
DA:3,1
DA:4,0
DA:7,1
DA:8,1
DA:11,1
LF:7
LH:6
BRDA:3,0,0,0
BRDA:3,0,1,1
BRDA:7,1,0,0
BRF:3
BRH:1
end_of_record
